<?xml version="1.0" encoding="UTF-8"?>
<testExecutions version="1">
  <file path="C:\Users\rison\Documents\Front End\TicTacToe\test\example.test.js">
    <testCase name="1 + 1 = 2" duration="2"/>
    <testCase name="MOCK 1 + 1 = 2" duration="0"/>
    <testCase name="Calculate Winner" duration="1"/>
  </file>
</testExecutions>